Performing C SOURCE FILE Test MULTIPASS_TEST_1_petsc_works_minimal failed with the following output:
Change Dir: /home/koorosh/Desktop/C++/cmake_file_for_PETSC/CMakeFiles/CMakeTmp

Run Build Command:"/usr/bin/make" "cmTryCompileExec2181081059/fast"
/usr/bin/make -f CMakeFiles/cmTryCompileExec2181081059.dir/build.make CMakeFiles/cmTryCompileExec2181081059.dir/build
make[1]: Entering directory `/home/koorosh/Desktop/C++/cmake_file_for_PETSC/CMakeFiles/CMakeTmp'
/usr/bin/cmake -E cmake_progress_report /home/koorosh/Desktop/C++/cmake_file_for_PETSC/CMakeFiles/CMakeTmp/CMakeFiles 1
Building C object CMakeFiles/cmTryCompileExec2181081059.dir/src.c.o
/usr/bin/cc   -DMULTIPASS_TEST_1_petsc_works_minimal -I/home/koorosh/Tools/petsc-3.6.3/arch-linux2-c-debug/include -I/home/koorosh/Tools/petsc-3.6.3/include    -o CMakeFiles/cmTryCompileExec2181081059.dir/src.c.o   -c /home/koorosh/Desktop/C++/cmake_file_for_PETSC/CMakeFiles/CMakeTmp/src.c
In file included from /home/koorosh/Tools/petsc-3.6.3/include/petscis.h:7:0,
                 from /home/koorosh/Tools/petsc-3.6.3/include/petscvec.h:9,
                 from /home/koorosh/Tools/petsc-3.6.3/include/petscmat.h:6,
                 from /home/koorosh/Tools/petsc-3.6.3/include/petscpc.h:6,
                 from /home/koorosh/Tools/petsc-3.6.3/include/petscksp.h:6,
                 from /home/koorosh/Tools/petsc-3.6.3/include/petscsnes.h:6,
                 from /home/koorosh/Tools/petsc-3.6.3/include/petscts.h:7,
                 from /home/koorosh/Desktop/C++/cmake_file_for_PETSC/CMakeFiles/CMakeTmp/src.c:3:
/home/koorosh/Tools/petsc-3.6.3/include/petscsys.h:108:17: fatal error: mpi.h: No such file or directory
 #include <mpi.h>
                 ^
compilation terminated.
make[1]: *** [CMakeFiles/cmTryCompileExec2181081059.dir/src.c.o] Error 1
make[1]: Leaving directory `/home/koorosh/Desktop/C++/cmake_file_for_PETSC/CMakeFiles/CMakeTmp'
make: *** [cmTryCompileExec2181081059/fast] Error 2

Return value: 1
Source file was:

static const char help[] = "PETSc test program.";
#include <petscts.h>
int main(int argc,char *argv[]) {
  PetscErrorCode ierr;
  TS ts;

  ierr = PetscInitialize(&argc,&argv,0,help);CHKERRQ(ierr);
  ierr = TSCreate(PETSC_COMM_WORLD,&ts);CHKERRQ(ierr);
  ierr = TSSetFromOptions(ts);CHKERRQ(ierr);
  ierr = TSDestroy(&ts);CHKERRQ(ierr);
  ierr = PetscFinalize();CHKERRQ(ierr);
  return 0;
}

Performing C SOURCE FILE Test MULTIPASS_TEST_2_petsc_works_allincludes failed with the following output:
Change Dir: /home/koorosh/Desktop/C++/cmake_file_for_PETSC/CMakeFiles/CMakeTmp

Run Build Command:"/usr/bin/make" "cmTryCompileExec2022167827/fast"
/usr/bin/make -f CMakeFiles/cmTryCompileExec2022167827.dir/build.make CMakeFiles/cmTryCompileExec2022167827.dir/build
make[1]: Entering directory `/home/koorosh/Desktop/C++/cmake_file_for_PETSC/CMakeFiles/CMakeTmp'
/usr/bin/cmake -E cmake_progress_report /home/koorosh/Desktop/C++/cmake_file_for_PETSC/CMakeFiles/CMakeTmp/CMakeFiles 1
Building C object CMakeFiles/cmTryCompileExec2022167827.dir/src.c.o
/usr/bin/cc   -DMULTIPASS_TEST_2_petsc_works_allincludes -I/home/koorosh/Tools/petsc-3.6.3/include -I/home/koorosh/Tools/petsc-3.6.3/arch-linux2-c-debug/include -I/home/koorosh/Tools/include    -o CMakeFiles/cmTryCompileExec2022167827.dir/src.c.o   -c /home/koorosh/Desktop/C++/cmake_file_for_PETSC/CMakeFiles/CMakeTmp/src.c
Linking C executable cmTryCompileExec2022167827
/usr/bin/cmake -E cmake_link_script CMakeFiles/cmTryCompileExec2022167827.dir/link.txt --verbose=1
/usr/bin/cc   -DMULTIPASS_TEST_2_petsc_works_allincludes    CMakeFiles/cmTryCompileExec2022167827.dir/src.c.o  -o cmTryCompileExec2022167827 -rdynamic /home/koorosh/Tools/petsc-3.6.3/arch-linux2-c-debug/lib/libpetsc.so -Wl,-rpath,/home/koorosh/Tools/petsc-3.6.3/arch-linux2-c-debug/lib 
/usr/bin/ld: CMakeFiles/cmTryCompileExec2022167827.dir/src.c.o: undefined reference to symbol 'ompi_mpi_comm_self'
///home/koorosh/Tools/lib/libmpi.so.12: error adding symbols: DSO missing from command line
collect2: error: ld returned 1 exit status
make[1]: *** [cmTryCompileExec2022167827] Error 1
make[1]: Leaving directory `/home/koorosh/Desktop/C++/cmake_file_for_PETSC/CMakeFiles/CMakeTmp'
make: *** [cmTryCompileExec2022167827/fast] Error 2

Return value: 1
Source file was:

static const char help[] = "PETSc test program.";
#include <petscts.h>
int main(int argc,char *argv[]) {
  PetscErrorCode ierr;
  TS ts;

  ierr = PetscInitialize(&argc,&argv,0,help);CHKERRQ(ierr);
  ierr = TSCreate(PETSC_COMM_WORLD,&ts);CHKERRQ(ierr);
  ierr = TSSetFromOptions(ts);CHKERRQ(ierr);
  ierr = TSDestroy(&ts);CHKERRQ(ierr);
  ierr = PetscFinalize();CHKERRQ(ierr);
  return 0;
}

Performing C SOURCE FILE Test MULTIPASS_TEST_3_petsc_works_alllibraries failed with the following output:
Change Dir: /home/koorosh/Desktop/C++/cmake_file_for_PETSC/CMakeFiles/CMakeTmp

Run Build Command:"/usr/bin/make" "cmTryCompileExec1938818226/fast"
/usr/bin/make -f CMakeFiles/cmTryCompileExec1938818226.dir/build.make CMakeFiles/cmTryCompileExec1938818226.dir/build
make[1]: Entering directory `/home/koorosh/Desktop/C++/cmake_file_for_PETSC/CMakeFiles/CMakeTmp'
/usr/bin/cmake -E cmake_progress_report /home/koorosh/Desktop/C++/cmake_file_for_PETSC/CMakeFiles/CMakeTmp/CMakeFiles 1
Building C object CMakeFiles/cmTryCompileExec1938818226.dir/src.c.o
/usr/bin/cc   -DMULTIPASS_TEST_3_petsc_works_alllibraries -I/home/koorosh/Tools/petsc-3.6.3/arch-linux2-c-debug/include -I/home/koorosh/Tools/petsc-3.6.3/include    -o CMakeFiles/cmTryCompileExec1938818226.dir/src.c.o   -c /home/koorosh/Desktop/C++/cmake_file_for_PETSC/CMakeFiles/CMakeTmp/src.c
In file included from /home/koorosh/Tools/petsc-3.6.3/include/petscis.h:7:0,
                 from /home/koorosh/Tools/petsc-3.6.3/include/petscvec.h:9,
                 from /home/koorosh/Tools/petsc-3.6.3/include/petscmat.h:6,
                 from /home/koorosh/Tools/petsc-3.6.3/include/petscpc.h:6,
                 from /home/koorosh/Tools/petsc-3.6.3/include/petscksp.h:6,
                 from /home/koorosh/Tools/petsc-3.6.3/include/petscsnes.h:6,
                 from /home/koorosh/Tools/petsc-3.6.3/include/petscts.h:7,
                 from /home/koorosh/Desktop/C++/cmake_file_for_PETSC/CMakeFiles/CMakeTmp/src.c:3:
/home/koorosh/Tools/petsc-3.6.3/include/petscsys.h:108:17: fatal error: mpi.h: No such file or directory
 #include <mpi.h>
                 ^
compilation terminated.
make[1]: *** [CMakeFiles/cmTryCompileExec1938818226.dir/src.c.o] Error 1
make[1]: Leaving directory `/home/koorosh/Desktop/C++/cmake_file_for_PETSC/CMakeFiles/CMakeTmp'
make: *** [cmTryCompileExec1938818226/fast] Error 2

Return value: 1
Source file was:

static const char help[] = "PETSc test program.";
#include <petscts.h>
int main(int argc,char *argv[]) {
  PetscErrorCode ierr;
  TS ts;

  ierr = PetscInitialize(&argc,&argv,0,help);CHKERRQ(ierr);
  ierr = TSCreate(PETSC_COMM_WORLD,&ts);CHKERRQ(ierr);
  ierr = TSSetFromOptions(ts);CHKERRQ(ierr);
  ierr = TSDestroy(&ts);CHKERRQ(ierr);
  ierr = PetscFinalize();CHKERRQ(ierr);
  return 0;
}

